SF:lib/app/modules/home/pages/home_page.dart
DA:15,2
DA:17,1
DA:19,1
DA:21,1
DA:22,2
DA:29,1
DA:31,1
DA:33,2
DA:34,1
DA:36,1
DA:37,1
DA:40,2
DA:42,1
DA:43,1
DA:44,1
DA:47,1
DA:48,1
DA:49,0
DA:50,0
DA:51,0
DA:52,0
DA:53,0
DA:54,0
DA:56,0
DA:57,0
DA:60,0
DA:62,0
DA:63,0
DA:70,1
DA:71,1
DA:72,1
DA:73,2
DA:74,1
DA:75,1
DA:76,1
DA:90,1
DA:92,1
DA:94,1
DA:95,1
DA:96,1
DA:98,1
DA:99,1
DA:101,1
DA:103,1
DA:104,1
DA:105,2
DA:119,1
DA:126,1
DA:128,1
DA:130,1
DA:131,1
DA:132,1
DA:134,1
DA:135,1
DA:138,1
DA:140,1
DA:146,1
DA:147,1
DA:149,1
DA:150,1
DA:155,1
DA:164,1
DA:183,1
DA:185,1
DA:187,1
DA:188,1
DA:189,1
DA:191,3
DA:192,1
DA:193,1
DA:194,1
DA:195,1
DA:196,1
DA:200,1
DA:202,1
DA:203,1
LF:76
LH:65
end_of_record
SF:lib/app/modules/pokedex/blocs/pokedex_cubit.dart
DA:17,2
DA:19,0
DA:22,0
DA:23,0
DA:25,0
DA:26,0
DA:27,0
DA:32,0
DA:34,0
DA:36,0
DA:37,0
DA:38,0
DA:40,0
DA:41,0
DA:42,0
DA:45,0
DA:48,0
DA:53,0
DA:54,0
DA:56,0
DA:59,0
DA:61,0
DA:62,0
DA:68,0
DA:69,0
DA:72,0
DA:76,0
DA:78,0
DA:79,0
DA:82,0
DA:84,0
DA:85,0
DA:88,0
DA:89,0
DA:90,0
DA:93,0
DA:94,0
DA:95,0
DA:100,0
DA:101,0
DA:102,0
DA:103,0
DA:106,0
DA:108,0
DA:109,0
DA:110,0
DA:112,0
DA:113,0
DA:114,0
DA:119,0
DA:120,0
DA:125,0
DA:127,0
DA:129,0
DA:130,0
DA:131,0
DA:134,0
DA:136,0
DA:137,0
DA:138,0
DA:140,0
DA:142,0
DA:143,0
DA:152,0
DA:154,0
DA:155,0
DA:157,0
DA:158,0
DA:160,0
DA:162,0
DA:164,0
DA:167,0
DA:168,0
DA:170,0
DA:172,0
DA:174,0
DA:175,0
DA:178,0
DA:179,0
DA:182,0
DA:185,0
DA:186,0
DA:188,0
DA:193,0
DA:194,0
DA:195,0
DA:196,0
DA:200,0
DA:201,0
DA:205,0
DA:206,0
DA:207,0
DA:209,1
DA:210,1
DA:211,1
DA:213,1
DA:214,1
DA:216,1
DA:217,1
DA:219,0
DA:221,0
DA:223,0
DA:225,0
DA:226,0
DA:230,0
DA:233,0
DA:234,0
DA:235,0
DA:236,0
DA:237,0
DA:240,0
DA:243,0
DA:244,0
LF:113
LH:8
end_of_record
SF:lib/app/modules/pokedex/blocs/pokedex_state.g.dart
DA:55,0
DA:59,0
DA:61,0
DA:63,0
DA:65,0
DA:67,0
DA:69,0
DA:71,0
DA:72,0
DA:74,0
DA:75,0
DA:77,0
DA:79,0
DA:81,0
DA:82,0
DA:84,0
DA:86,0
DA:88,0
DA:90,0
DA:92,0
DA:93,0
DA:95,0
DA:96,0
DA:98,0
DA:119,0
DA:120,0
DA:121,0
DA:124,0
DA:125,0
DA:128,0
DA:129,0
DA:132,0
DA:133,0
DA:136,0
DA:137,0
DA:140,0
DA:141,0
DA:144,0
DA:145,0
DA:148,0
DA:149,0
DA:152,0
DA:153,0
DA:156,0
DA:157,0
DA:160,0
DA:161,0
DA:171,0
LF:48
LH:0
end_of_record
SF:lib/app/modules/pokedex/blocs/pokedex_state.dart
DA:21,2
DA:35,0
DA:36,0
DA:37,0
DA:38,0
DA:39,0
DA:40,0
DA:41,0
DA:42,0
DA:43,0
DA:44,0
DA:45,0
DA:46,0
DA:47,0
LF:14
LH:1
end_of_record
SF:lib/app/router.dart
DA:19,0
DA:20,0
DA:21,0
DA:22,0
DA:24,0
DA:27,0
DA:29,0
DA:32,0
DA:34,0
DA:39,0
DA:41,0
DA:43,0
DA:45,0
DA:49,0
DA:51,0
DA:52,0
DA:58,0
DA:59,0
DA:60,0
DA:62,0
DA:63,0
LF:21
LH:0
end_of_record
SF:lib/app/modules/home/widgets/pokeball_widget.dart
DA:8,1
DA:11,1
DA:12,1
DA:18,1
DA:20,1
DA:22,2
DA:23,1
DA:25,1
DA:26,1
DA:27,2
DA:33,1
DA:35,3
LF:12
LH:12
end_of_record
SF:lib/app/modules/home/widgets/section_card.dart
DA:11,1
DA:19,1
DA:21,2
DA:22,1
DA:23,1
DA:25,1
DA:26,1
DA:27,1
DA:29,2
DA:31,1
DA:32,1
DA:33,1
DA:35,1
DA:36,1
DA:37,1
DA:38,1
DA:40,1
DA:41,1
DA:44,1
DA:46,1
DA:48,1
DA:49,1
DA:51,1
DA:53,1
DA:56,1
DA:58,1
DA:60,1
DA:63,1
DA:65,1
DA:66,1
DA:70,2
DA:71,1
DA:72,1
DA:73,1
DA:75,1
DA:89,1
DA:95,1
DA:97,1
DA:100,1
DA:101,1
DA:102,1
DA:103,1
DA:104,1
DA:118,1
DA:120,1
DA:122,1
DA:123,7
DA:124,1
DA:127,2
DA:137,1
DA:139,1
DA:141,1
DA:144,1
DA:146,1
DA:147,1
DA:148,1
DA:149,1
DA:150,1
LF:58
LH:58
end_of_record
SF:lib/shared/repositories/pokemon_repository.dart/fetch_pokemon.dart
DA:20,1
DA:22,1
DA:23,1
DA:30,2
DA:31,1
DA:33,1
DA:34,1
DA:37,0
DA:38,0
DA:39,0
DA:42,0
DA:43,0
DA:44,0
DA:45,0
DA:50,0
DA:51,0
DA:52,0
DA:53,0
DA:54,0
DA:61,0
DA:63,0
DA:65,0
DA:67,0
DA:68,0
DA:69,0
DA:70,0
DA:75,0
DA:80,0
DA:82,0
DA:84,0
DA:85,0
DA:87,0
DA:88,0
DA:89,0
DA:92,0
DA:93,0
DA:94,0
DA:97,0
DA:102,0
DA:105,0
DA:108,0
DA:109,0
DA:111,0
DA:112,0
DA:114,0
DA:115,0
DA:116,0
DA:117,0
DA:119,0
DA:120,0
DA:121,0
DA:123,0
DA:129,0
DA:130,0
DA:135,0
DA:137,0
DA:138,0
DA:140,0
DA:145,0
LF:59
LH:7
end_of_record
SF:lib/utils/calculate_dimensions.dart
DA:9,1
DA:12,1
DA:13,1
DA:14,0
DA:15,1
DA:16,0
DA:17,2
DA:19,1
DA:20,0
DA:21,1
DA:22,0
DA:23,2
DA:25,1
DA:26,0
DA:27,1
DA:28,0
DA:29,2
DA:31,1
LF:18
LH:12
end_of_record
SF:lib/theme/theme.dart
DA:5,0
DA:6,0
DA:9,0
DA:48,0
DA:72,0
DA:73,4
DA:74,0
DA:76,0
DA:77,0
DA:78,0
DA:80,0
DA:81,4
DA:82,0
DA:84,0
DA:85,0
DA:86,0
DA:88,0
DA:89,0
DA:90,0
LF:19
LH:2
end_of_record
SF:lib/shared/models/pokemon_model.dart
DA:37,0
DA:60,0
DA:61,0
DA:62,0
DA:63,0
DA:64,0
DA:65,0
DA:66,0
DA:67,0
DA:68,0
DA:69,0
DA:70,0
DA:71,0
DA:72,0
DA:73,0
DA:74,0
DA:75,0
DA:76,0
DA:77,0
DA:78,0
DA:79,0
DA:82,0
DA:83,0
DA:85,0
DA:94,0
DA:96,0
DA:97,0
DA:99,0
DA:101,0
DA:102,0
DA:111,0
DA:113,0
DA:114,0
DA:116,0
DA:118,0
DA:119,0
DA:128,0
DA:130,0
DA:131,0
DA:133,0
DA:135,0
DA:136,0
DA:146,0
DA:148,0
DA:149,0
DA:151,0
DA:153,0
DA:154,0
DA:164,0
DA:166,0
DA:167,0
DA:169,0
DA:171,0
DA:172,0
DA:181,0
DA:183,0
DA:184,0
DA:186,0
DA:188,0
DA:189,0
DA:199,0
DA:200,0
DA:201,0
DA:203,0
DA:205,0
DA:206,0
DA:219,0
DA:224,0
DA:225,0
DA:227,0
DA:229,0
DA:230,0
DA:254,0
DA:265,0
DA:266,0
DA:268,0
DA:270,0
DA:271,0
DA:282,0
DA:285,0
DA:286,0
DA:288,0
DA:290,0
DA:291,0
DA:302,0
DA:305,0
DA:306,0
DA:308,0
DA:310,0
DA:311,0
DA:320,0
DA:322,0
DA:323,0
DA:325,0
DA:327,0
DA:328,0
DA:339,0
DA:342,0
DA:343,0
DA:344,0
DA:346,0
DA:347,0
DA:356,0
DA:358,0
DA:359,0
DA:361,0
DA:363,0
DA:364,0
DA:375,0
DA:377,0
DA:378,0
DA:380,0
DA:382,0
DA:383,0
DA:393,1
DA:398,0
DA:399,0
DA:401,0
DA:403,0
DA:404,0
DA:412,0
DA:417,0
DA:418,0
DA:420,0
DA:422,0
DA:423,0
DA:438,0
DA:446,0
DA:448,0
DA:450,0
DA:451,0
DA:452,0
DA:454,0
DA:456,0
DA:457,0
DA:458,0
DA:459,0
DA:461,0
DA:462,0
DA:463,0
LF:140
LH:1
end_of_record
SF:lib/shared/models/pokemon_model.g.dart
DA:79,0
DA:83,0
DA:84,0
DA:86,0
DA:87,0
DA:89,0
DA:90,0
DA:92,0
DA:93,0
DA:95,0
DA:96,0
DA:98,0
DA:100,0
DA:102,0
DA:103,0
DA:105,0
DA:106,0
DA:108,0
DA:110,0
DA:112,0
DA:114,0
DA:116,0
DA:117,0
DA:119,0
DA:121,0
DA:123,0
DA:124,0
DA:126,0
DA:127,0
DA:129,0
DA:130,0
DA:132,0
DA:134,0
DA:136,0
DA:137,0
DA:139,0
DA:141,0
DA:143,0
DA:144,0
DA:146,0
DA:175,0
DA:176,0
DA:177,0
DA:180,0
DA:181,0
DA:184,0
DA:185,0
DA:188,0
DA:189,0
DA:192,0
DA:193,0
DA:196,0
DA:197,0
DA:200,0
DA:201,0
DA:204,0
DA:205,0
DA:208,0
DA:209,0
DA:212,0
DA:213,0
DA:216,0
DA:217,0
DA:220,0
DA:221,0
DA:224,0
DA:225,0
DA:228,0
DA:229,0
DA:232,0
DA:233,0
DA:236,0
DA:237,0
DA:240,0
DA:241,0
DA:244,0
DA:245,0
DA:248,0
DA:249,0
DA:259,0
DA:281,0
DA:285,0
DA:286,0
DA:288,0
DA:289,0
DA:291,0
DA:303,0
DA:304,0
DA:305,0
DA:308,0
DA:309,0
DA:319,0
DA:320,0
DA:343,0
DA:347,0
DA:348,0
DA:350,0
DA:351,0
DA:353,0
DA:365,0
DA:366,0
DA:367,0
DA:370,0
DA:371,0
DA:381,0
DA:382,0
DA:404,0
DA:408,0
DA:409,0
DA:411,0
DA:412,0
DA:414,0
DA:426,0
DA:427,0
DA:428,0
DA:431,0
DA:432,0
DA:442,0
DA:464,0
DA:468,0
DA:469,0
DA:471,0
DA:473,0
DA:475,0
DA:487,0
DA:488,0
DA:489,0
DA:492,0
DA:493,0
DA:503,0
DA:525,0
DA:529,0
DA:530,0
DA:532,0
DA:534,0
DA:536,0
DA:548,0
DA:549,0
DA:550,0
DA:553,0
DA:554,0
DA:564,0
DA:587,0
DA:591,0
DA:593,0
DA:595,0
DA:596,0
DA:598,0
DA:610,0
DA:611,0
DA:612,0
DA:615,0
DA:616,0
DA:626,0
DA:627,0
DA:650,0
DA:654,0
DA:655,0
DA:657,0
DA:660,0
DA:662,0
DA:674,0
DA:675,0
DA:676,0
DA:679,0
DA:680,0
DA:690,0
DA:715,0
DA:719,0
DA:721,0
DA:723,0
DA:725,0
DA:727,0
DA:729,0
DA:731,0
DA:744,0
DA:745,0
DA:746,0
DA:749,0
DA:750,0
DA:753,0
DA:754,0
DA:764,0
DA:765,0
DA:808,0
DA:812,0
DA:814,0
DA:816,0
DA:817,0
DA:819,0
DA:821,0
DA:823,0
DA:825,0
DA:827,0
DA:829,0
DA:831,0
DA:832,0
DA:834,0
DA:835,0
DA:837,0
DA:839,0
DA:841,0
DA:842,0
DA:844,0
DA:863,0
DA:864,0
DA:865,0
DA:868,0
DA:869,0
DA:872,0
DA:873,0
DA:876,0
DA:877,0
DA:880,0
DA:881,0
DA:884,0
DA:885,0
DA:888,0
DA:889,0
DA:892,0
DA:893,0
DA:896,0
DA:897,0
DA:907,0
DA:932,0
DA:936,0
DA:937,0
DA:939,0
DA:940,0
DA:942,0
DA:943,0
DA:945,0
DA:958,0
DA:959,0
DA:960,0
DA:963,0
DA:964,0
DA:967,0
DA:968,0
DA:978,0
DA:1003,0
DA:1007,0
DA:1008,0
DA:1010,0
DA:1011,0
DA:1013,0
DA:1015,0
DA:1017,0
DA:1030,0
DA:1031,0
DA:1032,0
DA:1035,0
DA:1036,0
DA:1039,0
DA:1040,0
DA:1050,0
DA:1072,0
DA:1076,0
DA:1078,0
DA:1080,0
DA:1081,0
DA:1083,0
DA:1095,0
DA:1096,0
DA:1097,0
DA:1100,0
DA:1101,0
DA:1111,0
DA:1136,0
DA:1140,0
DA:1142,0
DA:1144,0
DA:1145,0
DA:1147,0
DA:1149,0
DA:1151,0
DA:1164,0
DA:1165,0
DA:1166,0
DA:1169,0
DA:1170,0
DA:1173,0
DA:1174,0
DA:1184,0
DA:1203,0
DA:1207,0
DA:1209,0
DA:1211,0
DA:1222,0
DA:1223,0
DA:1224,0
DA:1234,0
DA:1235,0
DA:1257,0
DA:1261,0
DA:1263,0
DA:1265,0
DA:1266,0
DA:1268,0
DA:1280,0
DA:1281,0
DA:1282,0
DA:1285,0
DA:1286,0
DA:1296,0
DA:1318,0
DA:1322,0
DA:1324,0
DA:1326,0
DA:1327,0
DA:1329,0
DA:1341,0
DA:1342,0
DA:1343,0
DA:1346,0
DA:1347,0
DA:1357,0
DA:1389,0
DA:1393,0
DA:1394,0
DA:1396,0
DA:1397,0
DA:1399,0
DA:1401,0
DA:1403,0
DA:1406,0
DA:1408,0
DA:1410,0
DA:1412,0
DA:1427,0
DA:1428,0
DA:1429,0
DA:1432,0
DA:1433,0
DA:1436,0
DA:1437,0
DA:1440,0
DA:1441,0
DA:1444,0
DA:1445,0
DA:1455,0
DA:1456,0
DA:1463,0
DA:1464,0
DA:1465,0
DA:1466,0
DA:1467,0
DA:1468,0
DA:1469,0
DA:1470,0
DA:1471,0
DA:1472,0
DA:1473,0
DA:1474,0
DA:1475,0
DA:1476,0
DA:1477,0
DA:1478,0
DA:1479,0
DA:1480,0
DA:1481,0
DA:1482,0
DA:1483,0
DA:1484,0
DA:1485,0
DA:1486,0
DA:1487,0
DA:1489,0
DA:1490,0
DA:1492,0
DA:1493,0
DA:1494,0
DA:1495,0
DA:1496,0
DA:1497,0
DA:1498,0
DA:1499,0
DA:1500,0
DA:1502,0
DA:1503,0
DA:1504,0
DA:1507,0
DA:1508,0
DA:1509,0
DA:1510,0
DA:1511,0
DA:1512,0
DA:1513,0
DA:1514,0
DA:1515,0
DA:1516,0
DA:1517,0
DA:1518,0
DA:1519,0
DA:1520,0
DA:1521,0
DA:1522,0
DA:1523,0
DA:1524,0
DA:1525,0
DA:1526,0
DA:1527,0
DA:1530,0
DA:1531,0
DA:1532,0
DA:1533,0
DA:1536,0
DA:1537,0
DA:1538,0
DA:1539,0
DA:1542,0
DA:1544,0
DA:1545,0
DA:1546,0
DA:1549,0
DA:1551,0
DA:1552,0
DA:1553,0
DA:1556,0
DA:1557,0
DA:1558,0
DA:1559,0
DA:1561,0
DA:1562,0
DA:1565,0
DA:1566,0
DA:1567,0
DA:1568,0
DA:1571,0
DA:1572,0
DA:1573,0
DA:1574,0
DA:1576,0
DA:1577,0
DA:1580,0
DA:1581,0
DA:1582,0
DA:1583,0
DA:1586,0
DA:1587,0
DA:1588,0
DA:1590,0
DA:1591,0
DA:1592,0
DA:1594,0
DA:1595,0
DA:1598,0
DA:1599,0
DA:1600,0
DA:1601,0
DA:1604,0
DA:1606,0
DA:1607,0
DA:1609,0
DA:1610,0
DA:1611,0
DA:1614,0
DA:1616,0
DA:1617,0
DA:1618,0
DA:1621,0
DA:1622,0
DA:1624,0
DA:1625,0
DA:1626,0
DA:1627,0
DA:1628,0
DA:1631,0
DA:1632,0
DA:1633,0
DA:1634,0
DA:1637,0
DA:1638,0
DA:1639,0
DA:1641,0
DA:1642,0
DA:1643,0
DA:1645,0
DA:1646,0
DA:1647,0
DA:1650,0
DA:1651,0
DA:1652,0
DA:1653,0
DA:1654,0
DA:1657,0
DA:1658,0
DA:1659,0
DA:1660,0
DA:1661,0
DA:1662,0
DA:1663,0
DA:1664,0
DA:1665,0
DA:1666,0
DA:1667,0
DA:1669,0
DA:1672,0
DA:1673,0
DA:1674,0
DA:1675,0
DA:1676,0
DA:1677,0
DA:1678,0
DA:1679,0
DA:1680,0
DA:1681,0
DA:1682,0
DA:1685,0
DA:1686,0
DA:1688,0
DA:1689,0
DA:1690,0
DA:1691,0
DA:1694,0
DA:1695,0
DA:1696,0
DA:1697,0
DA:1698,0
DA:1701,0
DA:1702,0
DA:1703,0
DA:1704,0
DA:1705,0
DA:1707,0
DA:1708,0
DA:1711,0
DA:1712,0
DA:1713,0
DA:1714,0
DA:1715,0
DA:1718,0
DA:1719,0
DA:1720,0
DA:1722,0
DA:1723,0
DA:1724,0
DA:1725,0
DA:1726,0
DA:1729,0
DA:1730,0
DA:1731,0
DA:1732,0
DA:1735,0
DA:1736,0
DA:1738,0
DA:1739,0
DA:1740,0
DA:1742,0
DA:1743,0
DA:1745,0
DA:1746,0
DA:1749,0
DA:1750,0
DA:1751,0
DA:1752,0
DA:1753,0
DA:1756,0
DA:1757,0
DA:1758,0
DA:1761,0
DA:1762,0
DA:1763,0
DA:1766,0
DA:1767,0
DA:1768,0
DA:1771,0
DA:1772,0
DA:1773,0
DA:1774,0
DA:1777,0
DA:1778,0
DA:1779,0
DA:1780,0
DA:1782,0
DA:1785,0
DA:1786,0
DA:1787,0
DA:1788,0
DA:1791,0
DA:1792,0
DA:1793,0
DA:1796,0
DA:1797,0
DA:1798,0
DA:1801,0
DA:1802,0
DA:1803,0
DA:1804,0
DA:1806,0
DA:1807,0
DA:1808,0
DA:1809,0
DA:1810,0
DA:1811,0
DA:1812,0
DA:1813,0
DA:1814,0
DA:1815,0
DA:1818,0
DA:1819,0
DA:1820,0
DA:1821,0
DA:1822,0
DA:1823,0
DA:1824,0
LF:606
LH:0
end_of_record
SF:lib/shared/provider/storage_provider.dart
DA:10,1
DA:11,1
DA:14,0
DA:16,0
DA:17,0
DA:18,0
DA:21,0
DA:22,0
DA:25,0
DA:28,0
DA:29,0
DA:30,0
DA:33,0
DA:34,0
DA:37,0
DA:40,0
DA:41,0
DA:42,0
DA:45,0
DA:46,0
DA:49,0
DA:50,0
DA:51,0
DA:53,0
DA:54,0
DA:57,0
DA:59,0
DA:60,0
DA:62,0
DA:63,0
DA:66,0
DA:68,0
DA:69,0
DA:71,0
DA:72,0
DA:75,0
DA:76,0
DA:79,0
DA:80,0
DA:81,0
LF:40
LH:2
end_of_record
SF:lib/shared/repositories/cache_utils/cache_manager_repository.dart
DA:9,0
DA:10,0
DA:13,0
DA:16,0
DA:18,0
DA:22,0
DA:23,0
DA:25,0
DA:27,0
DA:33,0
DA:35,0
DA:36,0
DA:38,0
DA:39,0
DA:40,0
DA:41,0
DA:44,0
DA:46,0
DA:47,0
DA:49,0
DA:50,0
DA:51,0
DA:52,0
DA:55,0
DA:57,0
DA:59,0
DA:62,0
DA:65,0
DA:67,0
DA:68,0
DA:72,0
DA:77,0
DA:79,0
DA:81,0
DA:84,0
DA:88,0
DA:90,0
DA:91,0
DA:95,0
DA:100,0
DA:102,0
DA:103,0
DA:104,0
DA:105,0
DA:106,0
DA:107,0
DA:113,0
LF:47
LH:0
end_of_record
SF:lib/app/modules/pokedex/pages/pokedex_page.dart
DA:13,1
DA:15,0
DA:16,0
DA:23,0
DA:25,0
DA:26,0
DA:27,0
DA:28,0
DA:31,0
DA:32,0
DA:33,0
DA:34,0
DA:35,0
DA:36,0
DA:39,0
DA:41,0
DA:42,0
DA:44,0
DA:45,0
DA:46,0
DA:49,0
DA:56,0
DA:58,0
DA:59,0
DA:60,0
DA:63,0
DA:65,0
DA:66,0
DA:67,0
DA:76,0
DA:78,0
DA:80,0
DA:81,0
DA:82,0
DA:83,0
DA:86,0
DA:91,0
DA:92,0
DA:93,0
DA:94,0
DA:97,0
DA:98,0
DA:99,0
DA:103,0
DA:115,0
DA:117,0
DA:119,0
DA:120,0
DA:121,0
DA:123,0
DA:130,0
DA:131,0
DA:132,0
DA:133,0
DA:134,0
DA:136,0
DA:139,0
DA:142,0
DA:143,0
DA:147,0
DA:150,0
DA:151,0
DA:152,0
LF:63
LH:1
end_of_record
SF:lib/shared/widgets/app_bar.dart
DA:8,0
DA:19,0
DA:23,0
DA:24,0
DA:25,0
DA:26,0
DA:28,0
DA:29,0
DA:31,0
DA:33,0
DA:35,0
DA:45,0
DA:46,0
DA:47,0
DA:48,0
DA:49,0
DA:51,0
DA:53,0
DA:54,0
DA:55,0
DA:56,0
DA:57,0
DA:58,0
DA:59,0
DA:62,0
DA:65,0
DA:74,0
DA:75,0
DA:76,0
DA:77,0
DA:78,0
DA:79,0
DA:80,0
DA:82,0
DA:83,0
DA:85,0
DA:87,0
DA:89,0
DA:105,0
DA:106,0
DA:107,0
DA:108,0
DA:110,0
DA:113,0
DA:114,0
DA:115,0
DA:133,1
DA:139,0
DA:141,0
DA:143,0
DA:144,0
DA:152,0
DA:159,0
DA:161,0
DA:163,0
LF:55
LH:1
end_of_record
SF:lib/app/modules/pokedex/widgets/pokedex_card.dart
DA:11,0
DA:14,0
DA:16,0
DA:17,0
DA:18,0
DA:19,0
DA:20,0
DA:22,0
DA:23,0
DA:25,0
DA:27,0
DA:29,0
DA:31,0
DA:32,0
DA:33,0
DA:37,0
DA:39,0
DA:41,0
DA:42,0
DA:43,0
DA:49,0
DA:50,0
DA:52,0
DA:53,0
DA:54,0
DA:55,0
DA:59,0
DA:60,0
DA:61,0
DA:62,0
DA:63,0
DA:66,0
DA:72,0
DA:74,0
DA:75,0
DA:94,0
DA:96,0
LF:37
LH:0
end_of_record
SF:lib/app/modules/pokedex/widgets/pokedex_profile_complete_modal.dart
DA:12,0
DA:18,0
DA:19,0
DA:22,0
DA:24,0
DA:25,0
DA:28,0
DA:29,0
DA:34,0
DA:36,0
DA:37,0
DA:38,0
DA:41,0
DA:48,0
DA:54,0
DA:55,0
DA:56,0
DA:57,0
DA:58,0
DA:61,0
DA:62,0
DA:63,0
DA:64,0
DA:65,0
DA:66,0
DA:67,0
DA:68,0
DA:70,0
DA:71,0
DA:73,0
DA:75,0
DA:76,0
DA:78,0
DA:79,0
DA:88,0
DA:90,0
DA:95,0
DA:112,0
DA:114,0
DA:116,0
DA:117,0
DA:118,0
DA:119,0
DA:120,0
DA:123,0
DA:124,0
DA:125,0
DA:126,0
DA:130,0
LF:49
LH:0
end_of_record
SF:lib/shared/widgets/search_widget.dart
DA:7,0
DA:9,0
DA:12,0
DA:13,0
DA:15,0
DA:17,0
DA:18,0
DA:19,0
DA:20,0
DA:26,0
DA:28,0
DA:29,0
DA:38,0
LF:13
LH:0
end_of_record
SF:lib/shared/widgets/pokemon_indicator_loading.dart
DA:5,1
DA:7,0
DA:9,0
DA:10,0
LF:4
LH:1
end_of_record
SF:lib/utils/obtain_pokemon_color.dart
DA:4,0
DA:6,0
DA:7,0
DA:9,0
DA:10,0
DA:11,0
DA:16,0
DA:17,0
DA:18,0
DA:20,0
LF:10
LH:0
end_of_record
SF:lib/app/modules/pokedex/widgets/pokeball_vibrate.dart
DA:4,0
DA:7,0
DA:8,0
DA:16,0
DA:18,0
DA:19,0
DA:22,0
DA:23,0
DA:26,0
DA:28,0
DA:29,0
DA:32,0
DA:34,0
DA:35,0
DA:36,0
DA:37,0
DA:38,0
DA:42,0
DA:43,0
LF:19
LH:0
end_of_record
SF:lib/app/modules/pokedex/widgets/pokedex_chip.dart
DA:4,0
DA:12,0
DA:14,0
DA:16,0
DA:18,0
DA:19,0
DA:20,0
DA:23,0
DA:26,0
DA:27,0
DA:30,0
LF:11
LH:0
end_of_record
SF:lib/app/modules/pokedex/widgets/pokedex_profile_card.dart
DA:7,0
DA:10,0
DA:12,0
DA:14,0
DA:16,0
DA:18,0
DA:19,0
DA:20,0
DA:21,0
DA:22,0
DA:25,0
DA:30,0
DA:31,0
DA:32,0
DA:42,0
DA:43,0
DA:44,0
DA:45,0
DA:48,0
DA:53,0
DA:55,0
DA:56,0
DA:57,0
LF:23
LH:0
end_of_record
SF:lib/app/modules/pokedex/widgets/pokemon_detail_info.dart
DA:9,0
DA:22,0
DA:25,0
DA:27,0
DA:28,0
DA:29,0
DA:30,0
DA:31,0
DA:32,0
DA:33,0
DA:40,0
DA:42,0
DA:43,0
DA:44,0
DA:47,0
DA:49,0
DA:51,0
DA:52,0
DA:53,0
DA:54,0
DA:55,0
DA:58,0
DA:59,0
DA:61,0
DA:62,0
DA:63,0
DA:64,0
DA:65,0
DA:72,0
DA:73,0
DA:77,0
DA:78,0
DA:79,0
DA:81,0
DA:83,0
DA:86,0
DA:91,0
DA:92,0
DA:94,0
DA:95,0
DA:96,0
DA:98,0
DA:99,0
DA:101,0
DA:102,0
DA:104,0
DA:106,0
DA:107,0
LF:48
LH:0
end_of_record
SF:lib/app/modules/pokedex/widgets/pokemon_header_info.dart
DA:8,0
DA:16,0
DA:18,0
DA:20,0
DA:23,0
DA:24,0
DA:25,0
DA:27,0
DA:29,0
DA:30,0
DA:33,0
DA:34,0
DA:35,0
DA:41,0
DA:42,0
DA:44,0
DA:45,0
DA:49,0
DA:60,0
DA:61,0
DA:63,0
DA:65,0
DA:66,0
DA:67,0
LF:24
LH:0
end_of_record
SF:lib/app/modules/pokemon_capture/widgets/pokeball_animation_capture.dart
DA:8,2
DA:14,0
DA:16,0
DA:17,0
DA:18,0
DA:27,0
DA:28,0
DA:29,0
DA:30,0
DA:31,0
DA:32,0
DA:33,0
DA:34,0
DA:36,0
DA:39,0
DA:42,0
DA:43,0
DA:55,0
DA:57,0
DA:58,0
DA:59,0
DA:60,0
LF:22
LH:1
end_of_record
SF:lib/app/modules/pokemon_capture/pages/pokeball_capture_page.dart
DA:20,0
DA:24,0
DA:34,1
DA:40,0
DA:41,0
DA:48,0
DA:50,0
DA:52,0
DA:53,0
DA:56,0
DA:59,0
DA:61,0
DA:63,0
DA:64,0
DA:65,0
DA:67,0
DA:68,0
DA:69,0
DA:70,0
DA:71,0
DA:73,0
DA:74,0
DA:77,0
DA:79,0
DA:82,0
DA:83,0
DA:84,0
DA:86,0
DA:87,0
DA:92,0
DA:101,0
DA:102,0
DA:103,0
DA:104,0
DA:106,0
DA:109,0
DA:112,0
DA:113,0
DA:114,0
DA:121,0
DA:125,0
DA:126,0
DA:129,0
DA:130,0
DA:131,0
DA:132,0
DA:136,0
DA:137,0
DA:138,0
DA:139,0
DA:141,0
DA:142,0
DA:143,0
DA:147,0
DA:148,0
DA:149,0
DA:150,0
DA:151,0
DA:152,0
DA:154,0
DA:159,0
DA:160,0
DA:163,0
DA:177,0
DA:180,0
DA:185,0
DA:192,0
DA:206,0
DA:215,0
DA:219,0
DA:220,0
DA:221,0
DA:225,0
DA:229,0
DA:230,0
DA:231,0
DA:233,0
DA:234,0
DA:235,0
DA:242,0
DA:243,0
DA:244,0
DA:246,0
DA:248,0
DA:255,0
DA:256,0
DA:257,0
DA:258,0
DA:259,0
DA:260,0
DA:261,0
DA:262,0
DA:263,0
DA:264,0
DA:265,0
DA:267,0
DA:268,0
LF:97
LH:1
end_of_record
SF:lib/app/modules/pokemon_capture/widgets/pokemon_card.dart
DA:10,0
DA:26,0
DA:28,0
DA:29,0
DA:30,0
DA:31,0
DA:32,0
DA:33,0
DA:35,0
DA:36,0
DA:37,0
DA:38,0
DA:42,0
DA:44,0
DA:46,0
DA:48,0
DA:49,0
DA:50,0
DA:61,0
DA:62,0
DA:64,0
DA:66,0
DA:67,0
DA:68,0
DA:69,0
DA:70,0
DA:76,0
DA:77,0
DA:79,0
DA:84,0
DA:105,0
DA:107,0
DA:109,0
DA:110,0
DA:111,0
DA:112,0
DA:114,0
DA:118,0
LF:38
LH:0
end_of_record
SF:lib/shared/blocs/error/error_cubit.dart
DA:5,0
DA:7,0
DA:8,0
LF:3
LH:0
end_of_record
SF:lib/shared/intercepotors/rest_interceptor.dart
DA:8,0
DA:10,0
DA:13,0
DA:15,0
DA:17,0
DA:20,0
DA:22,0
DA:23,0
DA:25,0
LF:9
LH:0
end_of_record
SF:lib/utils/device_utils.dart
DA:6,0
DA:7,0
DA:9,0
DA:10,0
DA:11,0
DA:13,1
DA:14,4
DA:15,4
DA:17,1
DA:18,4
LF:10
LH:5
end_of_record
